<?xml version="1.0" encoding="UTF-8"?>
<!-- Generated by org.testng.reporters.JUnitReportReporter -->
<testsuite hostname="Pranab" failures="0" tests="1" name="Test_Scenarios.Test_Method" time="10.588" errors="0" timestamp="2023-10-24T13:32:39 IST" skipped="0">
  <testcase classname="Test_Scenarios.Test_Method" name="search" time="10.588"/>
  <system-out/>
</testsuite> <!-- Test_Scenarios.Test_Method -->
